2023-06-07 19:56:56,886 INFO notifyConnectTimeout:200

2023-06-07 19:56:56,887 INFO notifySocketTimeout:8000

2023-06-07 19:56:56,887 INFO isHealthCheck:true

2023-06-07 19:56:56,887 INFO maxHealthCheckFailCount:12

2023-06-07 19:56:56,887 INFO maxContent:10485760

2023-06-07 19:56:58,544 INFO use local db service for init

2023-06-07 19:56:58,886 WARN Lexical error at line 4, column 66.  Encountered: <EOF> after : "".

2023-06-07 19:56:58,889 WARN Syntax error: Encountered "*" at line 1, column 1.

2023-06-07 19:56:58,980 WARN Lexical error at line 4, column 13.  Encountered: "`" (96), after : "".

2023-06-07 19:56:58,980 WARN Lexical error at line 1, column 13.  Encountered: "`" (96), after : "".

2023-06-07 19:56:58,980 WARN Lexical error at line 1, column 13.  Encountered: "`" (96), after : "".

2023-06-07 19:56:58,980 WARN Lexical error at line 1, column 13.  Encountered: "`" (96), after : "".

2023-06-07 19:56:58,980 INFO use StandaloneDatabaseOperateImpl

2023-06-07 19:56:59,432 WARN DumpService start

2023-06-07 19:56:59,432 INFO start clear all config-info.

2023-06-07 19:56:59,432 WARN clear all config-info failed.

2023-06-07 19:56:59,432 WARN clear all config-info-tenant failed.

2023-06-07 19:56:59,451 INFO start clear all config-info-beta.

2023-06-07 19:56:59,451 WARN clear all config-info-beta failed.

2023-06-07 19:56:59,451 WARN clear all config-info-beta-tenant failed.

2023-06-07 19:56:59,455 INFO start clear all config-info-tag.

2023-06-07 19:56:59,455 WARN clear all config-info-tag failed.

2023-06-07 19:56:59,455 WARN clear all config-info-tag-tenant failed.

