2023-06-07 19:56:59,131 INFO raft peers changed: [Member{ip='192.168.4.44', port=8848, state=UP, extendInfo={raftPort=7848}}]

2023-06-07 19:56:59,142 INFO initializing Raft sub-system

2023-06-07 19:56:59,142 INFO finish loading all datums, size: 0 cost 0 ms.

2023-06-07 19:56:59,143 INFO cache loaded, datum count: 0, current term: 0

2023-06-07 19:56:59,143 INFO finish to load data from disk, cost: 1 ms.

2023-06-07 19:56:59,144 INFO timer started: leader timeout ms: 15000, heart-beat timeout ms: 5000

2023-06-07 19:56:59,381 INFO add listener: com.alibaba.nacos.naming.domains.meta.00-00---000-NACOS_SWITCH_DOMAIN-000---00-00

2023-06-07 19:56:59,388 INFO add listener: com.alibaba.nacos.naming.domains.meta.

2023-06-07 19:57:04,131 WARN start to close old raft protocol!!!

2023-06-07 19:57:04,131 WARN stop old raft protocol task for notifier

2023-06-07 19:57:04,131 WARN stop old raft protocol task for master task

2023-06-07 19:57:04,131 WARN stop old raft protocol task for heartbeat task

2023-06-07 19:57:04,131 WARN clean old cache datum for old raft

2023-06-07 19:57:04,132 WARN start to close old raft protocol!!!

2023-06-07 19:57:04,132 WARN stop old raft protocol task for notifier

2023-06-07 19:57:04,132 WARN stop old raft protocol task for master task

2023-06-07 19:57:04,132 WARN stop old raft protocol task for heartbeat task

2023-06-07 19:57:04,132 WARN clean old cache datum for old raft

2023-06-07 19:57:04,132 WARN start to move old raft protocol metadata

2023-06-07 19:57:04,135 WARN start to move old raft protocol metadata

2023-06-07 19:57:04,136 INFO raft peers changed: [Member{ip='192.168.4.44', port=8848, state=UP, extendInfo={lastRefreshTime=1686193024135, raftPort=7848, version=1.4.1}}]

2023-06-07 20:22:37,505 INFO add listener: com.alibaba.nacos.naming.iplist.public##DEFAULT_GROUP@@userservice

2023-06-07 20:22:48,901 INFO add listener: com.alibaba.nacos.naming.iplist.public##DEFAULT_GROUP@@orderservice

2023-06-07 20:59:06,508 INFO add listener: com.alibaba.nacos.naming.iplist.73f148f3-41e7-483d-8acb-53f0c8857bcb##DEFAULT_GROUP@@orderservice

2023-06-07 21:01:19,439 INFO [RAFT-NOTIFIER] datum is deleted, key: com.alibaba.nacos.naming.domains.meta.public##DEFAULT_GROUP@@orderservice

