/Users/haofumei/Library/Java/JavaVirtualMachines/openjdk-18.0.2.1/Contents/Home/bin/java  -Xms512m -Xmx512m -Xmn256m -Dnacos.standalone=true -Dnacos.member.list= -Xlog:gc*:file=/Users/haofumei/Documents/Microservices/Microservice-SOA-Governance/nacos/logs/nacos_gc.log:time,tags:filecount=10,filesize=102400 -Dloader.path=/Users/haofumei/Documents/Microservices/Microservice-SOA-Governance/nacos/plugins/health,/Users/haofumei/Documents/Microservices/Microservice-SOA-Governance/nacos/plugins/cmdb -Dnacos.home=/Users/haofumei/Documents/Microservices/Microservice-SOA-Governance/nacos -jar /Users/haofumei/Documents/Microservices/Microservice-SOA-Governance/nacos/target/nacos-server.jar  --spring.config.additional-location=file:/Users/haofumei/Documents/Microservices/Microservice-SOA-Governance/nacos/conf/ --logging.config=/Users/haofumei/Documents/Microservices/Microservice-SOA-Governance/nacos/conf/nacos-logback.xml --server.max-http-header-size=524288

         ,--.
       ,--.'|
   ,--,:  : |                                           Nacos 1.4.1
,`--.'`|  ' :                       ,---.               Running in stand alone mode, All function modules
|   :  :  | |                      '   ,'\   .--.--.    Port: 8848
:   |   \ | :  ,--.--.     ,---.  /   /   | /  /    '   Pid: 48023
|   : '  '; | /       \   /     \.   ; ,. :|  :  /`./   Console: http://192.168.4.44:8848/nacos/index.html
'   ' ;.    ;.--.  .-. | /    / ''   | |: :|  :  ;_
|   | | \   | \__\/: . ..    ' / '   | .; : \  \    `.      https://nacos.io
'   : |  ; .' ," .--.; |'   ; :__|   :    |  `----.   \
|   | '`--'  /  /  ,.  |'   | '.'|\   \  /  /  /`--'  /
'   : |     ;  :   .'   \   :    : `----'  '--'.     /
;   |.'     |  ,     .-./\   \  /            `--'---'
'---'        `--`---'     `----'

2023-06-07 19:56:58,129 INFO Bean 'org.springframework.security.access.expression.method.DefaultMethodSecurityExpressionHandler@4f2613d1' of type [org.springframework.security.access.expression.method.DefaultMethodSecurityExpressionHandler] is not eligible for getting processed by all BeanPostProcessors (for example: not eligible for auto-proxying)

2023-06-07 19:56:58,131 INFO Bean 'methodSecurityMetadataSource' of type [org.springframework.security.access.method.DelegatingMethodSecurityMetadataSource] is not eligible for getting processed by all BeanPostProcessors (for example: not eligible for auto-proxying)

2023-06-07 19:56:58,291 INFO Tomcat initialized with port(s): 8848 (http)

2023-06-07 19:56:58,431 INFO Root WebApplicationContext: initialization completed in 1507 ms

2023-06-07 19:56:59,626 INFO Initializing ExecutorService 'applicationTaskExecutor'

2023-06-07 19:56:59,673 INFO Adding welcome page: class path resource [static/index.html]

2023-06-07 19:56:59,823 INFO Creating filter chain: Ant [pattern='/**'], []

2023-06-07 19:56:59,837 INFO Creating filter chain: any request, [org.springframework.security.web.context.request.async.WebAsyncManagerIntegrationFilter@44d64d4e, org.springframework.security.web.context.SecurityContextPersistenceFilter@210d2a6c, org.springframework.security.web.header.HeaderWriterFilter@7f9fc8bd, org.springframework.security.web.csrf.CsrfFilter@1c7350b0, org.springframework.security.web.authentication.logout.LogoutFilter@157ec23b, org.springframework.security.web.savedrequest.RequestCacheAwareFilter@4086d8fb, org.springframework.security.web.servletapi.SecurityContextHolderAwareRequestFilter@176555c, org.springframework.security.web.authentication.AnonymousAuthenticationFilter@1dd74143, org.springframework.security.web.session.SessionManagementFilter@7f608e21, org.springframework.security.web.access.ExceptionTranslationFilter@2a334bac]

2023-06-07 19:56:59,885 INFO Initializing ExecutorService 'taskScheduler'

2023-06-07 19:56:59,894 INFO Exposing 2 endpoint(s) beneath base path '/actuator'

2023-06-07 19:56:59,942 INFO Tomcat started on port(s): 8848 (http) with context path '/nacos'

2023-06-07 19:56:59,944 INFO Nacos started successfully in stand alone mode. use embedded storage

2023-06-07 19:57:09,707 INFO Initializing Servlet 'dispatcherServlet'

2023-06-07 19:57:09,720 INFO Completed initialization in 13 ms

2023-06-07 21:03:58,758 WARN [ThreadPoolManager] Start destroying ThreadPool

2023-06-07 21:03:58,758 WARN [NotifyCenter] Start destroying Publisher

2023-06-07 21:03:58,758 WARN [WatchFileCenter] start close

2023-06-07 21:03:58,759 WARN [WatchFileCenter] start to shutdown this watcher which is watch : /Users/haofumei/Documents/Microservices/Microservice-SOA-Governance/nacos/conf

2023-06-07 21:03:58,759 WARN [NotifyCenter] Destruction of the end

2023-06-07 21:03:58,759 WARN [WatchFileCenter] already closed

2023-06-07 21:03:58,764 INFO Shutting down ExecutorService 'taskScheduler'

2023-06-07 21:03:58,766 INFO Shutting down ExecutorService 'applicationTaskExecutor'

2023-06-07 21:04:16,547 WARN [ThreadPoolManager] Destruction of the end

